<?xml version="1.0" encoding="UTF-8"?>
<robot generator="Robot 5.0.1 (Python 3.10.5 on win32)" generated="20220811 00:21:48.634" rpa="false" schemaversion="3">
<suite id="s1" name="CheckYoutubePage" source="C:\Users\84329\Documents\HN22_FR_AUT_04\FR_AUT04_Slide Mobile\Mobile-Testing-Youtube\Tests\CheckYoutubePage.robot">
<test id="s1-t1" name="test1" line="10">
<kw name="Open Youtube App" library="keywords" type="SETUP">
<kw name="Open Application" library="AppiumLibrary">
<arg>http://127.0.0.1:4723/wd/hub</arg>
<arg>platformName=Android</arg>
<arg>platformVersion=7.1.2</arg>
<arg>deviceName=3752621b7d84</arg>
<arg>appPackage=com.google.android.youtube</arg>
<arg>appActivity=com.google.android.apps.youtube.app.WatchWhileActivity</arg>
<doc>Opens a new application to given Appium server.
Capabilities of appium server, Android and iOS,
Please check https://github.com/appium/appium/blob/master/docs/en/writing-running-appium/server-args.md
| *Option*            | *Man.* | *Description*     |
| remote_url          | Yes    | Appium server url |
| alias               | no     | alias             |</doc>
<status status="PASS" starttime="20220811 00:21:48.889" endtime="20220811 00:22:01.995"/>
</kw>
<kw name="Sleep" library="BuiltIn">
<arg>2s</arg>
<doc>Pauses the test executed for the given time.</doc>
<msg timestamp="20220811 00:22:04.000" level="INFO">Slept 2 seconds</msg>
<status status="PASS" starttime="20220811 00:22:01.996" endtime="20220811 00:22:04.000"/>
</kw>
<status status="PASS" starttime="20220811 00:21:48.889" endtime="20220811 00:22:04.001"/>
</kw>
<kw name="Click Searchbar" library="keywords">
<kw name="Wait Until Element Is Visible" library="AppiumLibrary">
<arg>${MainPageSearchIcon}</arg>
<doc>Waits until element specified with `locator` is visible.</doc>
<status status="PASS" starttime="20220811 00:22:04.004" endtime="20220811 00:22:05.901"/>
</kw>
<kw name="Click Element" library="AppiumLibrary">
<arg>${MainPageSearchIcon}</arg>
<doc>Click element identified by `locator`.</doc>
<msg timestamp="20220811 00:22:05.907" level="INFO">Clicking element 'com.google.android.youtube:id/menu_item_1'.</msg>
<status status="PASS" starttime="20220811 00:22:05.902" endtime="20220811 00:22:06.060"/>
</kw>
<status status="PASS" starttime="20220811 00:22:04.003" endtime="20220811 00:22:06.060"/>
</kw>
<kw name="Enter Into Searchbar" library="keywords">
<arg>Charlie puth</arg>
<kw name="Wait Until Element Is Visible" library="AppiumLibrary">
<arg>${MainPageSearchBar}</arg>
<doc>Waits until element specified with `locator` is visible.</doc>
<status status="PASS" starttime="20220811 00:22:06.063" endtime="20220811 00:22:07.320"/>
</kw>
<kw name="Input Text" library="AppiumLibrary">
<arg>${MainPageSearchBar}</arg>
<arg>${searchtext}</arg>
<doc>Types the given `text` into text field identified by `locator`.</doc>
<msg timestamp="20220811 00:22:07.326" level="INFO">Typing text 'Charlie puth' into text field 'com.google.android.youtube:id/search_edit_text'</msg>
<status status="PASS" starttime="20220811 00:22:07.320" endtime="20220811 00:22:08.453"/>
</kw>
<status status="PASS" starttime="20220811 00:22:06.061" endtime="20220811 00:22:08.454"/>
</kw>
<kw name="Press Search Button" library="keywords">
<kw name="Press Keycode" library="AppiumLibrary">
<arg>66</arg>
<doc>Sends a press of keycode to the device.</doc>
<status status="PASS" starttime="20220811 00:22:08.457" endtime="20220811 00:22:09.399"/>
</kw>
<status status="PASS" starttime="20220811 00:22:08.456" endtime="20220811 00:22:09.399"/>
</kw>
<kw name="Click First Video" library="keywords">
<kw name="Wait Until Page Contains Element" library="AppiumLibrary">
<arg>${SearchPageFirstVideo}</arg>
<doc>Waits until element specified with `locator` appears on current page.</doc>
<status status="PASS" starttime="20220811 00:22:09.402" endtime="20220811 00:22:10.784"/>
</kw>
<kw name="Click Element" library="AppiumLibrary">
<arg>${SearchPageFirstVideo}</arg>
<doc>Click element identified by `locator`.</doc>
<msg timestamp="20220811 00:22:10.790" level="INFO">Clicking element 'xpath = (//android.view.ViewGroup[@content-desc]/android.widget.ImageView[not(@content-desc)])[1]'.</msg>
<status status="PASS" starttime="20220811 00:22:10.784" endtime="20220811 00:22:14.094"/>
</kw>
<kw name="Sleep" library="BuiltIn">
<arg>6s</arg>
<doc>Pauses the test executed for the given time.</doc>
<msg timestamp="20220811 00:22:20.100" level="INFO">Slept 6 seconds</msg>
<status status="PASS" starttime="20220811 00:22:14.095" endtime="20220811 00:22:20.100"/>
</kw>
<status status="PASS" starttime="20220811 00:22:09.401" endtime="20220811 00:22:20.101"/>
</kw>
<kw name="Subscribe Channel Of This Video" library="keywords">
<kw name="Run Keyword And Return Status" library="BuiltIn">
<var>${mixlist}</var>
<arg>Page Should Contain Element</arg>
<arg>${VideoPageMix}</arg>
<doc>Runs the given keyword with given arguments and returns the status as a Boolean value.</doc>
<kw name="Page Should Contain Element" library="AppiumLibrary">
<arg>${VideoPageMix}</arg>
<doc>Verifies that current page contains `locator` element.</doc>
<msg timestamp="20220811 00:22:20.428" level="INFO">Current page contains element '//android.view.ViewGroup[starts-with(@content-desc,'Mix')]'.</msg>
<status status="PASS" starttime="20220811 00:22:20.105" endtime="20220811 00:22:20.428"/>
</kw>
<msg timestamp="20220811 00:22:20.428" level="INFO">${mixlist} = True</msg>
<status status="PASS" starttime="20220811 00:22:20.104" endtime="20220811 00:22:20.428"/>
</kw>
<if>
<branch type="IF" condition="${mixlist}== True">
<kw name="Go Back" library="AppiumLibrary">
<doc>Goes one step backward in the browser history.</doc>
<status status="PASS" starttime="20220811 00:22:20.429" endtime="20220811 00:22:20.503"/>
</kw>
<status status="PASS" starttime="20220811 00:22:20.429" endtime="20220811 00:22:20.504"/>
</branch>
<status status="PASS" starttime="20220811 00:22:20.429" endtime="20220811 00:22:20.504"/>
</if>
<kw name="Run Keyword And Return Status" library="BuiltIn">
<var>${subscribed}</var>
<arg>Page Should Contain Element</arg>
<arg>${VideoPageSubsribeBtn}</arg>
<doc>Runs the given keyword with given arguments and returns the status as a Boolean value.</doc>
<kw name="Page Should Contain Element" library="AppiumLibrary">
<arg>${VideoPageSubsribeBtn}</arg>
<doc>Verifies that current page contains `locator` element.</doc>
<kw name="Capture Page Screenshot" library="AppiumLibrary">
<doc>Takes a screenshot of the current page and embeds it into the log.</doc>
<msg timestamp="20220811 00:22:23.572" level="INFO" html="true">&lt;/td&gt;&lt;/tr&gt;&lt;tr&gt;&lt;td colspan="3"&gt;&lt;a href="appium-screenshot-1.png"&gt;&lt;img src="appium-screenshot-1.png" width="800px"&gt;&lt;/a&gt;</msg>
<status status="PASS" starttime="20220811 00:22:22.717" endtime="20220811 00:22:23.572"/>
</kw>
<msg timestamp="20220811 00:22:23.573" level="FAIL">Page should have contained element '//android.view.ViewGroup[starts-with(@content-desc,'Subscribe')]' but did not</msg>
<status status="FAIL" starttime="20220811 00:22:20.505" endtime="20220811 00:22:23.573"/>
</kw>
<msg timestamp="20220811 00:22:23.573" level="INFO">${subscribed} = False</msg>
<status status="PASS" starttime="20220811 00:22:20.504" endtime="20220811 00:22:23.573"/>
</kw>
<if>
<branch type="IF" condition="${subscribed}==True">
<kw name="Click Element" library="AppiumLibrary">
<arg>${VideoPageSubsribeBtn}</arg>
<doc>Click element identified by `locator`.</doc>
<status status="NOT RUN" starttime="20220811 00:22:23.573" endtime="20220811 00:22:23.573"/>
</kw>
<status status="NOT RUN" starttime="20220811 00:22:23.573" endtime="20220811 00:22:23.573"/>
</branch>
<status status="PASS" starttime="20220811 00:22:23.573" endtime="20220811 00:22:23.573"/>
</if>
<status status="PASS" starttime="20220811 00:22:20.103" endtime="20220811 00:22:23.574"/>
</kw>
<kw name="Go Back To Search Page" library="keywords">
<kw name="Run Keyword And Return Status" library="BuiltIn">
<var>${mixlist}</var>
<arg>Page Should Contain Element</arg>
<arg>${VideoPageMix}</arg>
<doc>Runs the given keyword with given arguments and returns the status as a Boolean value.</doc>
<kw name="Page Should Contain Element" library="AppiumLibrary">
<arg>${VideoPageMix}</arg>
<doc>Verifies that current page contains `locator` element.</doc>
<kw name="Capture Page Screenshot" library="AppiumLibrary">
<doc>Takes a screenshot of the current page and embeds it into the log.</doc>
<msg timestamp="20220811 00:22:24.666" level="INFO" html="true">&lt;/td&gt;&lt;/tr&gt;&lt;tr&gt;&lt;td colspan="3"&gt;&lt;a href="appium-screenshot-2.png"&gt;&lt;img src="appium-screenshot-2.png" width="800px"&gt;&lt;/a&gt;</msg>
<status status="PASS" starttime="20220811 00:22:23.843" endtime="20220811 00:22:24.666"/>
</kw>
<msg timestamp="20220811 00:22:24.666" level="FAIL">Page should have contained element '//android.view.ViewGroup[starts-with(@content-desc,'Mix')]' but did not</msg>
<status status="FAIL" starttime="20220811 00:22:23.576" endtime="20220811 00:22:24.667"/>
</kw>
<msg timestamp="20220811 00:22:24.667" level="INFO">${mixlist} = False</msg>
<status status="PASS" starttime="20220811 00:22:23.575" endtime="20220811 00:22:24.667"/>
</kw>
<if>
<branch type="IF" condition="${mixlist}== True">
<kw name="Go Back" library="AppiumLibrary">
<doc>Goes one step backward in the browser history.</doc>
<status status="NOT RUN" starttime="20220811 00:22:24.667" endtime="20220811 00:22:24.667"/>
</kw>
<kw name="Go Back" library="AppiumLibrary">
<doc>Goes one step backward in the browser history.</doc>
<status status="NOT RUN" starttime="20220811 00:22:24.668" endtime="20220811 00:22:24.668"/>
</kw>
<status status="NOT RUN" starttime="20220811 00:22:24.667" endtime="20220811 00:22:24.668"/>
</branch>
<branch type="ELSE">
<kw name="Go Back" library="AppiumLibrary">
<doc>Goes one step backward in the browser history.</doc>
<status status="PASS" starttime="20220811 00:22:24.668" endtime="20220811 00:22:25.096"/>
</kw>
<status status="PASS" starttime="20220811 00:22:24.668" endtime="20220811 00:22:25.096"/>
</branch>
<status status="PASS" starttime="20220811 00:22:24.667" endtime="20220811 00:22:25.096"/>
</if>
<status status="PASS" starttime="20220811 00:22:23.575" endtime="20220811 00:22:25.097"/>
</kw>
<kw name="Click Subscriptions" library="keywords">
<kw name="Wait Until Element Is Visible" library="AppiumLibrary">
<arg>${SearchPageSubscriptions}</arg>
<doc>Waits until element specified with `locator` is visible.</doc>
<status status="PASS" starttime="20220811 00:22:25.100" endtime="20220811 00:22:26.294"/>
</kw>
<kw name="Click Element" library="AppiumLibrary">
<arg>${SearchPageSubscriptions}</arg>
<doc>Click element identified by `locator`.</doc>
<msg timestamp="20220811 00:22:26.299" level="INFO">Clicking element '//android.widget.Button[starts-with(@content-desc,'Subscriptions')]/android.widget.ImageView'.</msg>
<status status="PASS" starttime="20220811 00:22:26.294" endtime="20220811 00:22:26.672"/>
</kw>
<status status="PASS" starttime="20220811 00:22:25.099" endtime="20220811 00:22:26.672"/>
</kw>
<kw name="Click All Subscribed Channels" library="keywords">
<kw name="Wait Until Element Is Visible" library="AppiumLibrary">
<arg>${SubsriptionsPageAllBtn}</arg>
<doc>Waits until element specified with `locator` is visible.</doc>
<status status="PASS" starttime="20220811 00:22:26.675" endtime="20220811 00:22:28.102"/>
</kw>
<kw name="Click Element" library="AppiumLibrary">
<arg>${SubsriptionsPageAllBtn}</arg>
<doc>Click element identified by `locator`.</doc>
<msg timestamp="20220811 00:22:28.108" level="INFO">Clicking element '//android.widget.TextView[@resource-id='com.google.android.youtube:id/channels_button']'.</msg>
<status status="PASS" starttime="20220811 00:22:28.102" endtime="20220811 00:22:28.376"/>
</kw>
<kw name="Element Should Contain Text" library="AppiumLibrary">
<arg>${SubsriptionsPageTypeBtn}</arg>
<arg>Most relevant</arg>
<doc>Verifies element identified by ``locator`` contains text ``expected``.</doc>
<msg timestamp="20220811 00:22:28.381" level="INFO">Verifying element '//android.widget.TextView[@resource-id='com.google.android.youtube:id/title']' contains text 'Most relevant'.</msg>
<status status="PASS" starttime="20220811 00:22:28.376" endtime="20220811 00:22:29.847"/>
</kw>
<kw name="Sleep" library="BuiltIn">
<arg>2s</arg>
<doc>Pauses the test executed for the given time.</doc>
<msg timestamp="20220811 00:22:31.857" level="INFO">Slept 2 seconds</msg>
<status status="PASS" starttime="20220811 00:22:29.848" endtime="20220811 00:22:31.857"/>
</kw>
<status status="PASS" starttime="20220811 00:22:26.673" endtime="20220811 00:22:31.858"/>
</kw>
<kw name="Verify If Channel Is Subscribed Successfully" library="keywords">
<kw name="Page Should Contain Element" library="AppiumLibrary">
<arg>${SubscriptionsPageSubscribedChannel}</arg>
<doc>Verifies that current page contains `locator` element.</doc>
<msg timestamp="20220811 00:22:32.113" level="INFO">Current page contains element '//android.widget.TextView[@text='Charlie Puth']'.</msg>
<status status="PASS" starttime="20220811 00:22:31.861" endtime="20220811 00:22:32.113"/>
</kw>
<kw name="Click Element" library="AppiumLibrary">
<arg>${SubscriptionsPageSubscribedChannel}</arg>
<doc>Click element identified by `locator`.</doc>
<msg timestamp="20220811 00:22:32.118" level="INFO">Clicking element '//android.widget.TextView[@text='Charlie Puth']'.</msg>
<status status="PASS" starttime="20220811 00:22:32.113" endtime="20220811 00:22:34.109"/>
</kw>
<kw name="Click Element" library="AppiumLibrary">
<arg>${SubscriptionsPageSubscribedHome}</arg>
<doc>Click element identified by `locator`.</doc>
<msg timestamp="20220811 00:22:34.114" level="INFO">Clicking element '//android.widget.Button[@resource-id='com.google.android.youtube:id/text' and @content-desc='Home']'.</msg>
<status status="PASS" starttime="20220811 00:22:34.110" endtime="20220811 00:22:34.383"/>
</kw>
<kw name="Page Should Contain Element" library="AppiumLibrary">
<arg>${SubscriptionsPageSubscribedStatus}</arg>
<doc>Verifies that current page contains `locator` element.</doc>
<msg timestamp="20220811 00:22:35.026" level="INFO">Current page contains element '//android.view.ViewGroup[@content-desc='Unsubscribe from Charlie Puth.']'.</msg>
<status status="PASS" starttime="20220811 00:22:34.384" endtime="20220811 00:22:35.026"/>
</kw>
<status status="PASS" starttime="20220811 00:22:31.860" endtime="20220811 00:22:35.027"/>
</kw>
<kw name="Close All Applications" library="AppiumLibrary" type="TEARDOWN">
<doc>Closes all open applications.</doc>
<status status="PASS" starttime="20220811 00:22:35.029" endtime="20220811 00:22:36.233"/>
</kw>
<status status="PASS" starttime="20220811 00:21:48.888" endtime="20220811 00:22:36.233"/>
</test>
<status status="PASS" starttime="20220811 00:21:48.637" endtime="20220811 00:22:36.235"/>
</suite>
<statistics>
<total>
<stat pass="1" fail="0" skip="0">All Tests</stat>
</total>
<tag>
</tag>
<suite>
<stat pass="1" fail="0" skip="0" id="s1" name="CheckYoutubePage">CheckYoutubePage</stat>
</suite>
</statistics>
<errors>
</errors>
</robot>
